app/build/outputs/logs/manifest-merger-debug-report.txt
-- Merging decision tree log ---
manifest
ADDED from src\main\AndroidManifest.xml:2:1-434:12
	package
		ADDED from src\main\AndroidManifest.xml:4:5-49
		INJECTED from src\main\AndroidManifest.xml
		INJECTED from src\main\AndroidManifest.xml
	android:versionName
		ADDED from src\main\AndroidManifest.xml:6:5-32
		INJECTED from src\main\AndroidManifest.xml
		INJECTED from src\main\AndroidManifest.xml
	xmlns:tools
		ADDED from src\main\AndroidManifest.xml:3:5-51
	android:versionCode
		ADDED from src\main\AndroidManifest.xml:5:5-29
		INJECTED from src\main\AndroidManifest.xml
		INJECTED from src\main\AndroidManifest.xml
	xmlns:android
		ADDED from src\main\AndroidManifest.xml:2:11-69
uses-permission#android.permission.VIBRATE
ADDED from src\main\AndroidManifest.xml:8:5-66
	android:name
		ADDED from src\main\AndroidManifest.xml:8:22-63
uses-permission#android.permission.INTERNET
ADDED from src\main\AndroidManifest.xml:9:5-67
MERGED from [com.google.firebase:firebase-analytics:11.4.0] AndroidManifest.xml:20:5-66
MERGED from [com.google.firebase:firebase-analytics-impl:11.4.0] AndroidManifest.xml:20:5-66
MERGED from [com.google.firebase:firebase-iid:11.4.0] AndroidManifest.xml:20:5-66
	android:name
		ADDED from src\main\AndroidManifest.xml:9:22-64
uses-permission#android.permission.RECORD_AUDIO
ADDED from src\main\AndroidManifest.xml:10:5-71
	android:name
		ADDED from src\main\AndroidManifest.xml:10:22-68
uses-permission#android.permission.CAMERA
ADDED from src\main\AndroidManifest.xml:11:5-65
	android:name
		ADDED from src\main\AndroidManifest.xml:11:22-62
uses-permission#android.permission.ACCESS_NETWORK_STATE
ADDED from src\main\AndroidManifest.xml:12:5-79
MERGED from [com.google.firebase:firebase-analytics:11.4.0] AndroidManifest.xml:21:5-78
MERGED from [com.google.firebase:firebase-analytics-impl:11.4.0] AndroidManifest.xml:21:5-78
MERGED from [com.google.firebase:firebase-iid:11.4.0] AndroidManifest.xml:19:5-78
	android:name
		ADDED from src\main\AndroidManifest.xml:12:22-76
uses-permission#android.permission.CHANGE_NETWORK_STATE
ADDED from src\main\AndroidManifest.xml:13:5-79
	android:name
		ADDED from src\main\AndroidManifest.xml:13:22-76
uses-permission#android.permission.WRITE_EXTERNAL_STORAGE
ADDED from src\main\AndroidManifest.xml:14:5-81
	android:name
		ADDED from src\main\AndroidManifest.xml:14:22-78
uses-permission#android.permission.MOUNT_UNMOUNT_FILESYSTEMS
ADDED from src\main\AndroidManifest.xml:15:5-84
	android:name
		ADDED from src\main\AndroidManifest.xml:15:22-81
uses-permission#android.permission.ACCESS_FINE_LOCATION
ADDED from src\main\AndroidManifest.xml:16:5-79
	android:name
		ADDED from src\main\AndroidManifest.xml:16:22-76
uses-permission#android.permission.GET_TASKS
ADDED from src\main\AndroidManifest.xml:17:5-68
	android:name
		ADDED from src\main\AndroidManifest.xml:17:22-65
uses-permission#android.permission.ACCESS_WIFI_STATE
ADDED from src\main\AndroidManifest.xml:18:5-76
	android:name
		ADDED from src\main\AndroidManifest.xml:18:22-73
uses-permission#android.permission.CHANGE_WIFI_STATE
ADDED from src\main\AndroidManifest.xml:19:5-76
	android:name
		ADDED from src\main\AndroidManifest.xml:19:22-73
uses-permission#android.permission.WAKE_LOCK
ADDED from src\main\AndroidManifest.xml:20:5-68
MERGED from [com.google.firebase:firebase-analytics:11.4.0] AndroidManifest.xml:22:5-67
MERGED from [com.google.firebase:firebase-analytics-impl:11.4.0] AndroidManifest.xml:22:5-67
MERGED from [com.google.firebase:firebase-iid:11.4.0] AndroidManifest.xml:21:5-67
	android:name
		ADDED from src\main\AndroidManifest.xml:20:22-65
uses-permission#android.permission.MODIFY_AUDIO_SETTINGS
ADDED from src\main\AndroidManifest.xml:21:5-80
	android:name
		ADDED from src\main\AndroidManifest.xml:21:22-77
uses-permission#android.permission.READ_PHONE_STATE
ADDED from src\main\AndroidManifest.xml:22:5-75
	android:name
		ADDED from src\main\AndroidManifest.xml:22:22-72
uses-permission#android.permission.RECEIVE_BOOT_COMPLETED
ADDED from src\main\AndroidManifest.xml:23:5-81
	android:name
		ADDED from src\main\AndroidManifest.xml:23:22-78
uses-permission#android.permission.USE_CREDENTIALS
ADDED from src\main\AndroidManifest.xml:24:5-74
	android:name
		ADDED from src\main\AndroidManifest.xml:24:22-71
uses-permission#com.android.launcher.permission.READ_SETTINGS
ADDED from src\main\AndroidManifest.xml:25:5-85
	android:name
		ADDED from src\main\AndroidManifest.xml:25:22-82
uses-permission#android.permission.BROADCAST_STICKY
ADDED from src\main\AndroidManifest.xml:26:5-75
	android:name
		ADDED from src\main\AndroidManifest.xml:26:22-72
uses-permission#android.permission.WRITE_SETTINGS
ADDED from src\main\AndroidManifest.xml:27:5-73
	android:name
		ADDED from src\main\AndroidManifest.xml:27:22-70
uses-permission#android.permission.REQUEST_IGNORE_BATTERY_OPTIMIZATIONS
ADDED from src\main\AndroidManifest.xml:28:5-95
	android:name
		ADDED from src\main\AndroidManifest.xml:28:22-92
uses-permission#android.permission.READ_LOGS
ADDED from src\main\AndroidManifest.xml:30:5-68
	android:name
		ADDED from src\main\AndroidManifest.xml:30:22-65
permission#com.hyphenate.graduationdesignchat.permission.MIPUSH_RECEIVE
ADDED from src\main\AndroidManifest.xml:33:5-35:55
	android:protectionLevel
		ADDED from src\main\AndroidManifest.xml:35:9-52
	android:name
		ADDED from src\main\AndroidManifest.xml:34:9-84
uses-permission#com.hyphenate.chatuidemo.permission.MIPUSH_RECEIVE
ADDED from src\main\AndroidManifest.xml:37:5-90
	android:name
		ADDED from src\main\AndroidManifest.xml:37:22-87
uses-permission#android.permission.READ_EXTERNAL_STORAGE
ADDED from src\main\AndroidManifest.xml:38:5-80
	android:name
		ADDED from src\main\AndroidManifest.xml:38:22-77
application
ADDED from src\main\AndroidManifest.xml:40:5-432:19
MERGED from [com.google.android.gms:play-services-base:11.4.0] AndroidManifest.xml:18:5-20:19
MERGED from [com.android.support:appcompat-v7:24.2.1] AndroidManifest.xml:25:5-20
MERGED from [com.android.support:animated-vector-drawable:24.2.1] AndroidManifest.xml:22:5-20
MERGED from [com.android.support:support-vector-drawable:24.2.1] AndroidManifest.xml:23:5-20
MERGED from [com.google.firebase:firebase-messaging:11.4.0] AndroidManifest.xml:19:5-29:19
MERGED from [com.google.firebase:firebase-core:11.4.0] AndroidManifest.xml:5:5-20
MERGED from [com.google.firebase:firebase-analytics:11.4.0] AndroidManifest.xml:24:5-34:19
MERGED from [com.google.firebase:firebase-analytics-impl:11.4.0] AndroidManifest.xml:24:5-28:19
MERGED from [com.google.firebase:firebase-iid:11.4.0] AndroidManifest.xml:28:5-49:19
MERGED from [com.google.firebase:firebase-common:11.4.0] AndroidManifest.xml:4:5-7:19
MERGED from [com.google.android.gms:play-services-tasks:11.4.0] AndroidManifest.xml:4:5-19
MERGED from [com.google.android.gms:play-services-basement:11.4.0] AndroidManifest.xml:19:5-21:19
MERGED from [com.android.support:support-v4:25.2.0] AndroidManifest.xml:25:5-20
MERGED from [com.android.support:support-fragment:25.2.0] AndroidManifest.xml:25:5-20
MERGED from [com.android.support:support-media-compat:25.2.0] AndroidManifest.xml:25:5-20
MERGED from [com.android.support:support-core-ui:25.2.0] AndroidManifest.xml:25:5-20
MERGED from [com.android.support:support-core-utils:25.2.0] AndroidManifest.xml:25:5-20
MERGED from [com.android.support:support-compat:25.2.0] AndroidManifest.xml:25:5-20
	android:label
		ADDED from src\main\AndroidManifest.xml:44:9-41
	android:allowBackup
		ADDED from src\main\AndroidManifest.xml:42:9-35
	android:icon
		ADDED from src\main\AndroidManifest.xml:43:9-47
	android:name
		ADDED from src\main\AndroidManifest.xml:41:9-74
activity#com.hyphenate.graduationdesignchat.ui.SplashActivity
ADDED from src\main\AndroidManifest.xml:47:9-55:20
	android:screenOrientation
		ADDED from src\main\AndroidManifest.xml:49:13-49
	android:theme
		ADDED from src\main\AndroidManifest.xml:50:13-52
	android:name
		ADDED from src\main\AndroidManifest.xml:48:13-80
intent-filter#android.intent.action.MAIN+android.intent.category.LAUNCHER
ADDED from src\main\AndroidManifest.xml:51:13-54:29
action#android.intent.action.MAIN
ADDED from src\main\AndroidManifest.xml:52:17-69
	android:name
		ADDED from src\main\AndroidManifest.xml:52:25-66
category#android.intent.category.LAUNCHER
ADDED from src\main\AndroidManifest.xml:53:17-77
	android:name
		ADDED from src\main\AndroidManifest.xml:53:27-74
activity#com.hyphenate.graduationdesignchat.ui.MainActivity
ADDED from src\main\AndroidManifest.xml:58:9-63:55
	android:screenOrientation
		ADDED from src\main\AndroidManifest.xml:61:13-49
	android:launchMode
		ADDED from src\main\AndroidManifest.xml:60:13-44
	android:windowSoftInputMode
		ADDED from src\main\AndroidManifest.xml:63:13-52
	android:theme
		ADDED from src\main\AndroidManifest.xml:62:13-52
	android:name
		ADDED from src\main\AndroidManifest.xml:59:13-78
activity#com.hyphenate.graduationdesignchat.ui.LoginActivity
ADDED from src\main\AndroidManifest.xml:66:9-70:71
	android:screenOrientation
		ADDED from src\main\AndroidManifest.xml:68:13-49
	android:windowSoftInputMode
		ADDED from src\main\AndroidManifest.xml:70:13-68
	android:theme
		ADDED from src\main\AndroidManifest.xml:69:13-52
	android:name
		ADDED from src\main\AndroidManifest.xml:67:13-79
activity#com.hyphenate.graduationdesignchat.ui.ServiceCheckActivity
ADDED from src\main\AndroidManifest.xml:73:9-77:71
	android:screenOrientation
		ADDED from src\main\AndroidManifest.xml:75:13-49
	android:windowSoftInputMode
		ADDED from src\main\AndroidManifest.xml:77:13-68
	android:theme
		ADDED from src\main\AndroidManifest.xml:76:13-52
	android:name
		ADDED from src\main\AndroidManifest.xml:74:13-86
activity#com.hyphenate.graduationdesignchat.ui.RegisterActivity
ADDED from src\main\AndroidManifest.xml:80:9-84:71
	android:screenOrientation
		ADDED from src\main\AndroidManifest.xml:82:13-49
	android:windowSoftInputMode
		ADDED from src\main\AndroidManifest.xml:84:13-68
	android:theme
		ADDED from src\main\AndroidManifest.xml:83:13-52
	android:name
		ADDED from src\main\AndroidManifest.xml:81:13-82
activity#com.hyphenate.graduationdesignchat.ui.ChatActivity
ADDED from src\main\AndroidManifest.xml:86:9-91:58
	android:screenOrientation
		ADDED from src\main\AndroidManifest.xml:89:13-49
	android:launchMode
		ADDED from src\main\AndroidManifest.xml:88:13-44
	android:windowSoftInputMode
		ADDED from src\main\AndroidManifest.xml:91:13-55
	android:theme
		ADDED from src\main\AndroidManifest.xml:90:13-52
	android:name
		ADDED from src\main\AndroidManifest.xml:87:13-78
activity#com.hyphenate.graduationdesignchat.ui.AddContactActivity
ADDED from src\main\AndroidManifest.xml:93:9-97:58
	android:screenOrientation
		ADDED from src\main\AndroidManifest.xml:95:13-49
	android:windowSoftInputMode
		ADDED from src\main\AndroidManifest.xml:97:13-55
	android:theme
		ADDED from src\main\AndroidManifest.xml:96:13-52
	android:name
		ADDED from src\main\AndroidManifest.xml:94:13-84
activity#com.hyphenate.graduationdesignchat.ui.GroupDetailsActivity
ADDED from src\main\AndroidManifest.xml:99:9-102:55
	android:screenOrientation
		ADDED from src\main\AndroidManifest.xml:101:13-49
	android:theme
		ADDED from src\main\AndroidManifest.xml:102:13-52
	android:name
		ADDED from src\main\AndroidManifest.xml:100:13-86
activity#com.hyphenate.graduationdesignchat.ui.GroupsActivity
ADDED from src\main\AndroidManifest.xml:104:9-108:55
	android:screenOrientation
		ADDED from src\main\AndroidManifest.xml:106:13-49
	android:windowSoftInputMode
		ADDED from src\main\AndroidManifest.xml:108:13-52
	android:theme
		ADDED from src\main\AndroidManifest.xml:107:13-52
	android:name
		ADDED from src\main\AndroidManifest.xml:105:13-80
activity#com.hyphenate.graduationdesignchat.ui.ChatRoomDetailsActivity
ADDED from src\main\AndroidManifest.xml:111:9-114:55
	android:screenOrientation
		ADDED from src\main\AndroidManifest.xml:113:13-49
	android:theme
		ADDED from src\main\AndroidManifest.xml:114:13-52
	android:name
		ADDED from src\main\AndroidManifest.xml:112:13-89
activity#com.hyphenate.graduationdesignchat.ui.NewChatRoomActivity
ADDED from src\main\AndroidManifest.xml:116:9-120:55
	android:screenOrientation
		ADDED from src\main\AndroidManifest.xml:118:13-49
	android:windowSoftInputMode
		ADDED from src\main\AndroidManifest.xml:120:13-52
	android:theme
		ADDED from src\main\AndroidManifest.xml:119:13-52
	android:name
		ADDED from src\main\AndroidManifest.xml:117:13-85
activity#com.hyphenate.graduationdesignchat.ui.NewGroupActivity
ADDED from src\main\AndroidManifest.xml:123:9-127:55
	android:screenOrientation
		ADDED from src\main\AndroidManifest.xml:125:13-49
	android:windowSoftInputMode
		ADDED from src\main\AndroidManifest.xml:127:13-52
	android:theme
		ADDED from src\main\AndroidManifest.xml:126:13-52
	android:name
		ADDED from src\main\AndroidManifest.xml:124:13-82
activity#com.hyphenate.graduationdesignchat.ui.ExitGroupDialog
ADDED from src\main\AndroidManifest.xml:129:9-132:58
	android:screenOrientation
		ADDED from src\main\AndroidManifest.xml:131:13-49
	android:theme
		ADDED from src\main\AndroidManifest.xml:132:13-55
	android:name
		ADDED from src\main\AndroidManifest.xml:130:13-81
activity#com.hyphenate.graduationdesignchat.ui.GroupPickContactsActivity
ADDED from src\main\AndroidManifest.xml:134:9-138:55
	android:screenOrientation
		ADDED from src\main\AndroidManifest.xml:136:13-49
	android:windowSoftInputMode
		ADDED from src\main\AndroidManifest.xml:138:13-52
	android:theme
		ADDED from src\main\AndroidManifest.xml:137:13-52
	android:name
		ADDED from src\main\AndroidManifest.xml:135:13-91
activity#com.hyphenate.graduationdesignchat.ui.PickAtUserActivity
ADDED from src\main\AndroidManifest.xml:139:9-142:55
	android:screenOrientation
		ADDED from src\main\AndroidManifest.xml:141:13-49
	android:theme
		ADDED from src\main\AndroidManifest.xml:142:13-52
	android:name
		ADDED from src\main\AndroidManifest.xml:140:13-84
activity#com.hyphenate.easeui.ui.EaseBaiduMapActivity
ADDED from src\main\AndroidManifest.xml:144:9-147:55
	android:screenOrientation
		ADDED from src\main\AndroidManifest.xml:146:13-49
	android:theme
		ADDED from src\main\AndroidManifest.xml:147:13-52
	android:name
		ADDED from src\main\AndroidManifest.xml:145:13-72
activity#com.hyphenate.graduationdesignchat.ui.NewFriendsMsgActivity
ADDED from src\main\AndroidManifest.xml:150:9-153:55
	android:screenOrientation
		ADDED from src\main\AndroidManifest.xml:152:13-49
	android:theme
		ADDED from src\main\AndroidManifest.xml:153:13-52
	android:name
		ADDED from src\main\AndroidManifest.xml:151:13-87
activity#com.hyphenate.graduationdesignchat.ui.ForwardMessageActivity
ADDED from src\main\AndroidManifest.xml:155:9-159:55
	android:screenOrientation
		ADDED from src\main\AndroidManifest.xml:157:13-49
	android:windowSoftInputMode
		ADDED from src\main\AndroidManifest.xml:159:13-52
	android:theme
		ADDED from src\main\AndroidManifest.xml:158:13-52
	android:name
		ADDED from src\main\AndroidManifest.xml:156:13-88
activity#com.hyphenate.graduationdesignchat.ui.ContextMenuActivity
ADDED from src\main\AndroidManifest.xml:161:9-164:52
	android:screenOrientation
		ADDED from src\main\AndroidManifest.xml:163:13-49
	android:theme
		ADDED from src\main\AndroidManifest.xml:164:13-49
	android:name
		ADDED from src\main\AndroidManifest.xml:162:13-85
activity#com.hyphenate.easeui.ui.EaseShowBigImageActivity
ADDED from src\main\AndroidManifest.xml:166:9-169:55
	android:screenOrientation
		ADDED from src\main\AndroidManifest.xml:168:13-49
	android:theme
		ADDED from src\main\AndroidManifest.xml:169:13-52
	android:name
		ADDED from src\main\AndroidManifest.xml:167:13-76
activity#com.hyphenate.easeui.ui.EaseShowNormalFileActivity
ADDED from src\main\AndroidManifest.xml:171:9-174:55
	android:screenOrientation
		ADDED from src\main\AndroidManifest.xml:173:13-49
	android:theme
		ADDED from src\main\AndroidManifest.xml:174:13-52
	android:name
		ADDED from src\main\AndroidManifest.xml:172:13-78
activity#com.hyphenate.graduationdesignchat.ui.BlacklistActivity
ADDED from src\main\AndroidManifest.xml:176:9-179:55
	android:screenOrientation
		ADDED from src\main\AndroidManifest.xml:178:13-49
	android:theme
		ADDED from src\main\AndroidManifest.xml:179:13-52
	android:name
		ADDED from src\main\AndroidManifest.xml:177:13-83
activity#com.hyphenate.graduationdesignchat.ui.PublicGroupsActivity
ADDED from src\main\AndroidManifest.xml:182:9-186:55
	android:screenOrientation
		ADDED from src\main\AndroidManifest.xml:184:13-49
	android:windowSoftInputMode
		ADDED from src\main\AndroidManifest.xml:186:13-52
	android:theme
		ADDED from src\main\AndroidManifest.xml:185:13-52
	android:name
		ADDED from src\main\AndroidManifest.xml:183:13-86
activity#com.hyphenate.graduationdesignchat.ui.PublicChatRoomsActivity
ADDED from src\main\AndroidManifest.xml:187:9-191:55
	android:screenOrientation
		ADDED from src\main\AndroidManifest.xml:189:13-49
	android:windowSoftInputMode
		ADDED from src\main\AndroidManifest.xml:191:13-52
	android:theme
		ADDED from src\main\AndroidManifest.xml:190:13-52
	android:name
		ADDED from src\main\AndroidManifest.xml:188:13-89
activity#com.hyphenate.graduationdesignchat.ui.VoiceCallActivity
ADDED from src\main\AndroidManifest.xml:194:9-198:51
	android:screenOrientation
		ADDED from src\main\AndroidManifest.xml:197:13-49
	android:launchMode
		ADDED from src\main\AndroidManifest.xml:196:13-44
	android:theme
		ADDED from src\main\AndroidManifest.xml:198:13-48
	android:name
		ADDED from src\main\AndroidManifest.xml:195:13-83
activity#com.hyphenate.graduationdesignchat.ui.VideoCallActivity
ADDED from src\main\AndroidManifest.xml:200:9-205:55
	android:screenOrientation
		ADDED from src\main\AndroidManifest.xml:204:13-49
	android:launchMode
		ADDED from src\main\AndroidManifest.xml:203:13-44
	android:configChanges
		ADDED from src\main\AndroidManifest.xml:202:13-74
	android:theme
		ADDED from src\main\AndroidManifest.xml:205:13-52
	android:name
		ADDED from src\main\AndroidManifest.xml:201:13-83
activity#com.hyphenate.graduationdesignchat.conference.ConferenceActivity
ADDED from src\main\AndroidManifest.xml:207:9-212:54
	android:screenOrientation
		ADDED from src\main\AndroidManifest.xml:211:13-49
	android:launchMode
		ADDED from src\main\AndroidManifest.xml:210:13-44
	android:configChanges
		ADDED from src\main\AndroidManifest.xml:209:13-74
	android:theme
		ADDED from src\main\AndroidManifest.xml:212:13-52
	android:name
		ADDED from src\main\AndroidManifest.xml:208:13-92
activity#com.hyphenate.graduationdesignchat.conference.ConferenceInviteJoinActivity
ADDED from src\main\AndroidManifest.xml:214:9-218:54
	android:screenOrientation
		ADDED from src\main\AndroidManifest.xml:217:13-49
	android:configChanges
		ADDED from src\main\AndroidManifest.xml:216:13-74
	android:theme
		ADDED from src\main\AndroidManifest.xml:218:13-52
	android:name
		ADDED from src\main\AndroidManifest.xml:215:13-102
activity#com.hyphenate.graduationdesignchat.ui.GroupSimpleDetailActivity
ADDED from src\main\AndroidManifest.xml:220:9-223:55
	android:screenOrientation
		ADDED from src\main\AndroidManifest.xml:222:13-49
	android:theme
		ADDED from src\main\AndroidManifest.xml:223:13-52
	android:name
		ADDED from src\main\AndroidManifest.xml:221:13-91
activity#com.hyphenate.graduationdesignchat.ui.GroupBlacklistActivity
ADDED from src\main\AndroidManifest.xml:225:9-228:55
	android:screenOrientation
		ADDED from src\main\AndroidManifest.xml:227:13-49
	android:theme
		ADDED from src\main\AndroidManifest.xml:228:13-52
	android:name
		ADDED from src\main\AndroidManifest.xml:226:13-88
activity#com.hyphenate.graduationdesignchat.ui.GroupSearchMessageActivity
ADDED from src\main\AndroidManifest.xml:229:9-233:58
	android:screenOrientation
		ADDED from src\main\AndroidManifest.xml:231:13-49
	android:windowSoftInputMode
		ADDED from src\main\AndroidManifest.xml:233:13-55
	android:theme
		ADDED from src\main\AndroidManifest.xml:232:13-52
	android:name
		ADDED from src\main\AndroidManifest.xml:230:13-92
activity#com.hyphenate.graduationdesignchat.ui.PublicGroupsSeachActivity
ADDED from src\main\AndroidManifest.xml:234:9-237:55
	android:screenOrientation
		ADDED from src\main\AndroidManifest.xml:236:13-49
	android:theme
		ADDED from src\main\AndroidManifest.xml:237:13-52
	android:name
		ADDED from src\main\AndroidManifest.xml:235:13-91
activity#com.hyphenate.graduationdesignchat.ui.EditActivity
ADDED from src\main\AndroidManifest.xml:238:9-242:58
	android:screenOrientation
		ADDED from src\main\AndroidManifest.xml:240:13-49
	android:windowSoftInputMode
		ADDED from src\main\AndroidManifest.xml:242:13-55
	android:theme
		ADDED from src\main\AndroidManifest.xml:241:13-52
	android:name
		ADDED from src\main\AndroidManifest.xml:239:13-78
activity#com.hyphenate.graduationdesignchat.ui.SharedFilesActivity
ADDED from src\main\AndroidManifest.xml:243:9-246:15
	android:screenOrientation
		ADDED from src\main\AndroidManifest.xml:244:13-49
	android:theme
		ADDED from src\main\AndroidManifest.xml:245:13-52
	android:name
		ADDED from src\main\AndroidManifest.xml:243:19-91
activity#com.hyphenate.easeui.ui.EaseShowVideoActivity
ADDED from src\main\AndroidManifest.xml:247:9-251:63
	android:screenOrientation
		ADDED from src\main\AndroidManifest.xml:249:13-49
	android:windowSoftInputMode
		ADDED from src\main\AndroidManifest.xml:251:13-60
	android:theme
		ADDED from src\main\AndroidManifest.xml:250:13-52
	android:name
		ADDED from src\main\AndroidManifest.xml:248:13-73
activity#com.hyphenate.easeui.ui.EaseDingMsgSendActivity
ADDED from src\main\AndroidManifest.xml:253:9-257:63
	android:screenOrientation
		ADDED from src\main\AndroidManifest.xml:255:13-49
	android:windowSoftInputMode
		ADDED from src\main\AndroidManifest.xml:257:13-60
	android:theme
		ADDED from src\main\AndroidManifest.xml:256:13-52
	android:name
		ADDED from src\main\AndroidManifest.xml:254:13-75
activity#com.hyphenate.easeui.ui.EaseDingAckUserListActivity
ADDED from src\main\AndroidManifest.xml:259:9-263:63
	android:screenOrientation
		ADDED from src\main\AndroidManifest.xml:261:13-49
	android:windowSoftInputMode
		ADDED from src\main\AndroidManifest.xml:263:13-60
	android:theme
		ADDED from src\main\AndroidManifest.xml:262:13-52
	android:name
		ADDED from src\main\AndroidManifest.xml:260:13-79
activity#com.hyphenate.graduationdesignchat.ui.ImageGridActivity
ADDED from src\main\AndroidManifest.xml:265:9-269:63
	android:screenOrientation
		ADDED from src\main\AndroidManifest.xml:267:13-49
	android:windowSoftInputMode
		ADDED from src\main\AndroidManifest.xml:269:13-60
	android:theme
		ADDED from src\main\AndroidManifest.xml:268:13-52
	android:name
		ADDED from src\main\AndroidManifest.xml:266:13-83
activity#com.hyphenate.graduationdesignchat.ui.RecorderVideoActivity
ADDED from src\main\AndroidManifest.xml:270:9-274:63
	android:screenOrientation
		ADDED from src\main\AndroidManifest.xml:272:13-49
	android:windowSoftInputMode
		ADDED from src\main\AndroidManifest.xml:274:13-60
	android:theme
		ADDED from src\main\AndroidManifest.xml:273:13-52
	android:name
		ADDED from src\main\AndroidManifest.xml:271:13-87
activity#com.hyphenate.graduationdesignchat.ui.DiagnoseActivity
ADDED from src\main\AndroidManifest.xml:276:9-280:63
	android:screenOrientation
		ADDED from src\main\AndroidManifest.xml:278:13-49
	android:windowSoftInputMode
		ADDED from src\main\AndroidManifest.xml:280:13-60
	android:theme
		ADDED from src\main\AndroidManifest.xml:279:13-52
	android:name
		ADDED from src\main\AndroidManifest.xml:277:13-82
activity#com.hyphenate.graduationdesignchat.ui.MultiDeviceActivity
ADDED from src\main\AndroidManifest.xml:281:9-284:68
	android:screenOrientation
		ADDED from src\main\AndroidManifest.xml:282:19-55
	android:windowSoftInputMode
		ADDED from src\main\AndroidManifest.xml:284:19-66
	android:theme
		ADDED from src\main\AndroidManifest.xml:283:19-58
	android:name
		ADDED from src\main\AndroidManifest.xml:281:19-91
activity#com.hyphenate.graduationdesignchat.ui.NamePasswordActivity
ADDED from src\main\AndroidManifest.xml:285:9-287:60
	android:screenOrientation
		ADDED from src\main\AndroidManifest.xml:286:19-55
	android:theme
		ADDED from src\main\AndroidManifest.xml:287:19-58
	android:name
		ADDED from src\main\AndroidManifest.xml:285:19-92
activity#com.hyphenate.graduationdesignchat.ui.OfflinePushNickActivity
ADDED from src\main\AndroidManifest.xml:290:9-294:63
	android:screenOrientation
		ADDED from src\main\AndroidManifest.xml:292:13-49
	android:windowSoftInputMode
		ADDED from src\main\AndroidManifest.xml:294:13-60
	android:theme
		ADDED from src\main\AndroidManifest.xml:293:13-52
	android:name
		ADDED from src\main\AndroidManifest.xml:291:13-89
activity#com.hyphenate.graduationdesignchat.ui.RobotsActivity
ADDED from src\main\AndroidManifest.xml:296:9-300:63
	android:screenOrientation
		ADDED from src\main\AndroidManifest.xml:298:13-49
	android:windowSoftInputMode
		ADDED from src\main\AndroidManifest.xml:300:13-60
	android:theme
		ADDED from src\main\AndroidManifest.xml:299:13-52
	android:name
		ADDED from src\main\AndroidManifest.xml:297:13-80
activity#com.hyphenate.graduationdesignchat.ui.UserProfileActivity
ADDED from src\main\AndroidManifest.xml:302:9-305:55
	android:screenOrientation
		ADDED from src\main\AndroidManifest.xml:304:13-49
	android:theme
		ADDED from src\main\AndroidManifest.xml:305:13-52
	android:name
		ADDED from src\main\AndroidManifest.xml:303:13-85
activity#com.hyphenate.graduationdesignchat.ui.SetServersActivity
ADDED from src\main\AndroidManifest.xml:306:9-309:55
	android:screenOrientation
		ADDED from src\main\AndroidManifest.xml:308:13-49
	android:theme
		ADDED from src\main\AndroidManifest.xml:309:13-52
	android:name
		ADDED from src\main\AndroidManifest.xml:307:13-84
activity#com.hyphenate.graduationdesignchat.ui.OfflinePushSettingsActivity
ADDED from src\main\AndroidManifest.xml:310:9-313:55
	android:screenOrientation
		ADDED from src\main\AndroidManifest.xml:312:13-49
	android:theme
		ADDED from src\main\AndroidManifest.xml:313:13-52
	android:name
		ADDED from src\main\AndroidManifest.xml:311:13-93
activity#com.hyphenate.graduationdesignchat.ui.CallOptionActivity
ADDED from src\main\AndroidManifest.xml:314:9-317:55
	android:screenOrientation
		ADDED from src\main\AndroidManifest.xml:316:13-49
	android:theme
		ADDED from src\main\AndroidManifest.xml:317:13-52
	android:name
		ADDED from src\main\AndroidManifest.xml:315:13-84
receiver#com.hyphenate.graduationdesignchat.receiver.StartServiceReceiver
ADDED from src\main\AndroidManifest.xml:320:9-327:20
	android:name
		ADDED from src\main\AndroidManifest.xml:320:19-98
intent-filter#android.intent.action.BOOT_COMPLETED+android.intent.action.QUICKBOOT_POWERON+android.intent.category.LAUNCHER
ADDED from src\main\AndroidManifest.xml:321:13-326:29
	android:priority
		ADDED from src\main\AndroidManifest.xml:321:28-51
action#android.intent.action.BOOT_COMPLETED
ADDED from src\main\AndroidManifest.xml:322:17-79
	android:name
		ADDED from src\main\AndroidManifest.xml:322:25-76
action#android.intent.action.QUICKBOOT_POWERON
ADDED from src\main\AndroidManifest.xml:323:17-82
	android:name
		ADDED from src\main\AndroidManifest.xml:323:25-79
service#com.hyphenate.graduationdesignchat.fcm.EMFCMMSGService
ADDED from src\main\AndroidManifest.xml:330:9-334:19
	android:name
		ADDED from src\main\AndroidManifest.xml:330:18-87
intent-filter#com.google.firebase.MESSAGING_EVENT
ADDED from src\main\AndroidManifest.xml:331:13-333:29
action#com.google.firebase.MESSAGING_EVENT
ADDED from src\main\AndroidManifest.xml:332:17-78
	android:name
		ADDED from src\main\AndroidManifest.xml:332:25-75
service#com.hyphenate.graduationdesignchat.fcm.EMFCMTokenRefreshService
ADDED from src\main\AndroidManifest.xml:336:9-340:19
	android:name
		ADDED from src\main\AndroidManifest.xml:336:18-96
intent-filter#com.google.firebase.INSTANCE_ID_EVENT
ADDED from src\main\AndroidManifest.xml:337:13-339:29
action#com.google.firebase.INSTANCE_ID_EVENT
ADDED from src\main\AndroidManifest.xml:338:17-80
	android:name
		ADDED from src\main\AndroidManifest.xml:338:25-77
service#com.xiaomi.mipush.sdk.PushMessageHandler
ADDED from src\main\AndroidManifest.xml:344:9-348:46
	android:enabled
		ADDED from src\main\AndroidManifest.xml:346:13-35
	android:exported
		ADDED from src\main\AndroidManifest.xml:347:13-36
	tools:ignore
		ADDED from src\main\AndroidManifest.xml:348:13-43
	android:name
		ADDED from src\main\AndroidManifest.xml:345:13-68
service#com.xiaomi.mipush.sdk.MessageHandleService
ADDED from src\main\AndroidManifest.xml:349:9-351:38
	android:enabled
		ADDED from src\main\AndroidManifest.xml:351:13-35
	android:name
		ADDED from src\main\AndroidManifest.xml:350:13-70
receiver#com.hyphenate.chat.EMMipushReceiver
ADDED from src\main\AndroidManifest.xml:353:9-366:20
	android:exported
		ADDED from src\main\AndroidManifest.xml:355:13-36
	tools:ignore
		ADDED from src\main\AndroidManifest.xml:356:13-44
	android:name
		ADDED from src\main\AndroidManifest.xml:354:13-63
intent-filter#com.xiaomi.mipush.RECEIVE_MESSAGE
ADDED from src\main\AndroidManifest.xml:357:13-359:29
action#com.xiaomi.mipush.RECEIVE_MESSAGE
ADDED from src\main\AndroidManifest.xml:358:17-76
	android:name
		ADDED from src\main\AndroidManifest.xml:358:25-73
intent-filter#com.xiaomi.mipush.MESSAGE_ARRIVED
ADDED from src\main\AndroidManifest.xml:360:13-362:29
action#com.xiaomi.mipush.MESSAGE_ARRIVED
ADDED from src\main\AndroidManifest.xml:361:17-76
	android:name
		ADDED from src\main\AndroidManifest.xml:361:25-73
intent-filter#com.xiaomi.mipush.ERROR
ADDED from src\main\AndroidManifest.xml:363:13-365:29
action#com.xiaomi.mipush.ERROR
ADDED from src\main\AndroidManifest.xml:364:17-66
	android:name
		ADDED from src\main\AndroidManifest.xml:364:25-63
meta-data#com.huawei.hms.client.appid
ADDED from src\main\AndroidManifest.xml:370:9-372:40
	android:value
		ADDED from src\main\AndroidManifest.xml:372:13-37
	android:name